code/OCRTest/build/intermediates/proguard-rules/release/aapt_rules.txt
# view AndroidManifest.xml #generated:52
-keep class edu.sfsu.cs.orange.ocr.CaptureActivity { <init>(...); }

# view AndroidManifest.xml #generated:58
-keep class edu.sfsu.cs.orange.ocr.HelpActivity { <init>(...); }

# view AndroidManifest.xml #generated:61
-keep class edu.sfsu.cs.orange.ocr.PreferencesActivity { <init>(...); }

# view res/layout/capture.xml #generated:27
-keep class edu.sfsu.cs.orange.ocr.ViewfinderView { <init>(...); }

# view res/layout/capture.xml #generated:176
-keep class edu.sfsu.cs.orange.ocr.camera.ShutterButton { <init>(...); }