code/OCRTest/build/outputs/mapping/release/seeds.txt
edu.sfsu.cs.orange.ocr.CaptureActivity
edu.sfsu.cs.orange.ocr.CaptureActivity: CaptureActivity()
edu.sfsu.cs.orange.ocr.CaptureActivityHandler$State: edu.sfsu.cs.orange.ocr.CaptureActivityHandler$State[] values()
edu.sfsu.cs.orange.ocr.CaptureActivityHandler$State: edu.sfsu.cs.orange.ocr.CaptureActivityHandler$State valueOf(java.lang.String)
edu.sfsu.cs.orange.ocr.HelpActivity
edu.sfsu.cs.orange.ocr.HelpActivity: HelpActivity()
edu.sfsu.cs.orange.ocr.PreferencesActivity
edu.sfsu.cs.orange.ocr.PreferencesActivity: PreferencesActivity()
edu.sfsu.cs.orange.ocr.R
edu.sfsu.cs.orange.ocr.R$array
edu.sfsu.cs.orange.ocr.R$array: int capturemodes
edu.sfsu.cs.orange.ocr.R$array: int iso6391
edu.sfsu.cs.orange.ocr.R$array: int iso6393
edu.sfsu.cs.orange.ocr.R$array: int languagenames
edu.sfsu.cs.orange.ocr.R$array: int ocrenginemodes
edu.sfsu.cs.orange.ocr.R$array: int pagesegmentationmodes
edu.sfsu.cs.orange.ocr.R$array: int translationtargetiso6391_google
edu.sfsu.cs.orange.ocr.R$array: int translationtargetiso6391_microsoft
edu.sfsu.cs.orange.ocr.R$array: int translationtargetlanguagenames_google
edu.sfsu.cs.orange.ocr.R$array: int translationtargetlanguagenames_microsoft
edu.sfsu.cs.orange.ocr.R$array: int translators
edu.sfsu.cs.orange.ocr.R$attr
edu.sfsu.cs.orange.ocr.R$color
edu.sfsu.cs.orange.ocr.R$color: int help_button_view
edu.sfsu.cs.orange.ocr.R$color: int help_view
edu.sfsu.cs.orange.ocr.R$color: int result_minor_text
edu.sfsu.cs.orange.ocr.R$color: int result_text
edu.sfsu.cs.orange.ocr.R$color: int result_view
edu.sfsu.cs.orange.ocr.R$color: int status_text
edu.sfsu.cs.orange.ocr.R$color: int status_top_text_background
edu.sfsu.cs.orange.ocr.R$color: int translation_text
edu.sfsu.cs.orange.ocr.R$color: int viewfinder_corners
edu.sfsu.cs.orange.ocr.R$color: int viewfinder_frame
edu.sfsu.cs.orange.ocr.R$color: int viewfinder_mask
edu.sfsu.cs.orange.ocr.R$drawable
edu.sfsu.cs.orange.ocr.R$drawable: int background
edu.sfsu.cs.orange.ocr.R$drawable: int background_pressed
edu.sfsu.cs.orange.ocr.R$drawable: int ic_launcher
edu.sfsu.cs.orange.ocr.R$drawable: int shutter
edu.sfsu.cs.orange.ocr.R$drawable: int shutter_button
edu.sfsu.cs.orange.ocr.R$drawable: int shutter_pressed
edu.sfsu.cs.orange.ocr.R$id
edu.sfsu.cs.orange.ocr.R$id: int camera_button_view
edu.sfsu.cs.orange.ocr.R$id: int decode
edu.sfsu.cs.orange.ocr.R$id: int decode_failed
edu.sfsu.cs.orange.ocr.R$id: int decode_succeeded
edu.sfsu.cs.orange.ocr.R$id: int done_button
edu.sfsu.cs.orange.ocr.R$id: int help_contents
edu.sfsu.cs.orange.ocr.R$id: int image_view
edu.sfsu.cs.orange.ocr.R$id: int indeterminate_progress_indicator_view
edu.sfsu.cs.orange.ocr.R$id: int ocr_continuous_decode
edu.sfsu.cs.orange.ocr.R$id: int ocr_continuous_decode_failed
edu.sfsu.cs.orange.ocr.R$id: int ocr_continuous_decode_succeeded
edu.sfsu.cs.orange.ocr.R$id: int ocr_decode
edu.sfsu.cs.orange.ocr.R$id: int ocr_decode_failed
edu.sfsu.cs.orange.ocr.R$id: int ocr_decode_succeeded
edu.sfsu.cs.orange.ocr.R$id: int ocr_result_text_view
edu.sfsu.cs.orange.ocr.R$id: int preview_view
edu.sfsu.cs.orange.ocr.R$id: int progress_small
edu.sfsu.cs.orange.ocr.R$id: int quit
edu.sfsu.cs.orange.ocr.R$id: int restart_preview
edu.sfsu.cs.orange.ocr.R$id: int result_view
edu.sfsu.cs.orange.ocr.R$id: int shutter_button
edu.sfsu.cs.orange.ocr.R$id: int source_language_text_view
edu.sfsu.cs.orange.ocr.R$id: int source_language_text_view_label
edu.sfsu.cs.orange.ocr.R$id: int status_view_bottom
edu.sfsu.cs.orange.ocr.R$id: int status_view_top
edu.sfsu.cs.orange.ocr.R$id: int translation_language_label_text_view
edu.sfsu.cs.orange.ocr.R$id: int translation_language_text_view
edu.sfsu.cs.orange.ocr.R$id: int translation_text_view
edu.sfsu.cs.orange.ocr.R$layout
edu.sfsu.cs.orange.ocr.R$layout: int capture
edu.sfsu.cs.orange.ocr.R$layout: int help
edu.sfsu.cs.orange.ocr.R$raw
edu.sfsu.cs.orange.ocr.R$raw: int beep
edu.sfsu.cs.orange.ocr.R$string
edu.sfsu.cs.orange.ocr.R$string: int app_name
...
com.google.api.translate.Language: com.google.api.translate.Language[] values()
com.google.api.translate.Language: com.google.api.translate.Language valueOf(java.lang.String)
com.memetix.mst.language.Language: com.memetix.mst.language.Language[] values()
com.memetix.mst.language.Language: com.memetix.mst.language.Language valueOf(java.lang.String)
com.memetix.mst.language.SpokenDialect: com.memetix.mst.language.SpokenDialect[] values()
com.memetix.mst.language.SpokenDialect: com.memetix.mst.language.SpokenDialect valueOf(java.lang.String)