code/OCRTest/build/outputs/mapping/release/mapping.txt
edu.sfsu.cs.orange.ocr.BeepManager -> edu.sfsu.cs.orange.ocr.a:
    java.lang.String TAG -> TAG
    android.app.Activity activity -> bR
    android.media.MediaPlayer mediaPlayer -> bS
    boolean playBeep -> bT
    void <init>(android.app.Activity) -> <init>
    void updatePrefs() -> b
    void playBeepSoundAndVibrate() -> c
    android.media.MediaPlayer buildMediaPlayer(android.content.Context) -> a
    void <clinit>() -> <clinit>
edu.sfsu.cs.orange.ocr.BeepManager$1 -> edu.sfsu.cs.orange.ocr.b:
    void <init>() -> <init>
    void onCompletion(android.media.MediaPlayer) -> onCompletion
edu.sfsu.cs.orange.ocr.CaptureActivity -> edu.sfsu.cs.orange.ocr.CaptureActivity:
    java.lang.String TAG -> TAG
    java.lang.String[] CUBE_SUPPORTED_LANGUAGES -> bU
    java.lang.String[] CUBE_REQUIRED_LANGUAGES -> bV
    edu.sfsu.cs.orange.ocr.camera.CameraManager cameraManager -> bW
    edu.sfsu.cs.orange.ocr.CaptureActivityHandler handler -> bX
    edu.sfsu.cs.orange.ocr.ViewfinderView viewfinderView -> bY
    android.view.SurfaceView surfaceView -> bZ
    android.view.SurfaceHolder surfaceHolder -> ca
    android.widget.TextView statusViewBottom -> cb
    android.widget.TextView statusViewTop -> cc
    android.widget.TextView ocrResultView -> cd
    android.widget.TextView translationView -> ce
    android.view.View cameraButtonView -> cf
    android.view.View resultView -> cg
    android.view.View progressView -> ch
    edu.sfsu.cs.orange.ocr.OcrResult lastResult -> ci
    android.graphics.Bitmap lastBitmap -> cj
    boolean hasSurface -> ck
    edu.sfsu.cs.orange.ocr.BeepManager beepManager -> cl
    com.googlecode.tesseract.android.TessBaseAPI baseApi -> cm
    java.lang.String sourceLanguageCodeOcr -> cn
    java.lang.String sourceLanguageReadable -> co
    java.lang.String sourceLanguageCodeTranslation -> cp
    java.lang.String targetLanguageCodeTranslation -> cq
    java.lang.String targetLanguageReadable -> cr
    int pageSegmentationMode -> cs
    int ocrEngineMode -> ct
    java.lang.String characterBlacklist -> cu
edu.sfsu.cs.orange.ocr.CaptureActivity$1 -> edu.sfsu.cs.orange.ocr.c:
    int lastX -> cG
    int lastY -> cH
    edu.sfsu.cs.orange.ocr.CaptureActivity this$0 -> cI
    void <init>(edu.sfsu.cs.orange.ocr.CaptureActivity) -> <init>
    boolean onTouch(android.view.View,android.view.MotionEvent) -> onTouch
edu.sfsu.cs.orange.ocr.CaptureActivityHandler -> edu.sfsu.cs.orange.ocr.d:
    java.lang.String TAG -> TAG
    edu.sfsu.cs.orange.ocr.CaptureActivity activity -> cJ
    edu.sfsu.cs.orange.ocr.DecodeThread decodeThread -> cK
    int state$4467156f -> cL
    edu.sfsu.cs.orange.ocr.camera.CameraManager cameraManager -> bW
    void <init>(edu.sfsu.cs.orange.ocr.CaptureActivity,edu.sfsu.cs.orange.ocr.camera.CameraManager,boolean) -> <init>
    void handleMessage(android.os.Message) -> handleMessage
    void stop() -> stop
    void resetState() -> p
    void quitSynchronously() -> q
    void restartOcrPreview() -> r
    void restartOcrPreviewAndDecode() -> s
    void ocrDecode() -> t
    void <clinit>() -> <clinit>
edu.sfsu.cs.orange.ocr.CaptureActivityHandler$State -> edu.sfsu.cs.orange.ocr.e:
    int PREVIEW$4467156f -> cM
    int PREVIEW_PAUSED$4467156f -> cN
    int CONTINUOUS$4467156f -> cO
    int CONTINUOUS_PAUSED$4467156f -> cP
    int SUCCESS$4467156f -> cQ
    int DONE$4467156f -> cR
    int[] $VALUES$35eed16 -> cS
    void <clinit>() -> <clinit>
...
com.google.api.translate.Translate -> a.a.a.a.b:
    com.google.api.translate.Translate DEFAULT -> aS
    void <clinit>() -> <clinit>
    java.lang.String execute(java.lang.String,com.google.api.translate.Language,com.google.api.translate.Language) -> a
com.google.api.translate.TranslateV2 -> a.a.a.a.c:
    void <init>() -> <init>
    java.lang.String execute(java.lang.String,com.google.api.translate.Language,com.google.api.translate.Language) -> a
com.memetix.mst.MicrosoftTranslatorAPI -> a.b.a.a:
    java.lang.String apiKey -> aT
    java.lang.String DatamarketAccessUri -> aU
    java.lang.String referrer -> a
    java.lang.String clientId -> aV
    java.lang.String clientSecret -> aW
    java.lang.String token -> aX
    long tokenExpiration -> aY
    void <clinit>() -> <clinit>
    void setClientId(java.lang.String) -> c
    void setClientSecret(java.lang.String) -> d
    java.lang.String getToken(java.lang.String,java.lang.String) -> a
    java.lang.String retrieveResponse(java.net.URL) -> b
    java.lang.String retrieveString(java.net.URL) -> c
    java.lang.String inputStreamToString(java.io.InputStream) -> a
com.memetix.mst.language.Language -> a.b.a.a.a:
    com.memetix.mst.language.Language AUTO_DETECT -> aZ
    com.memetix.mst.language.Language ARABIC -> ba
    com.memetix.mst.language.Language BULGARIAN -> bb
    com.memetix.mst.language.Language CATALAN -> bc
    com.memetix.mst.language.Language CHINESE_SIMPLIFIED -> bd
    com.memetix.mst.language.Language CHINESE_TRADITIONAL -> be
    com.memetix.mst.language.Language CZECH -> bf
    com.memetix.mst.language.Language DANISH -> bg
    com.memetix.mst.language.Language DUTCH -> bh
    com.memetix.mst.language.Language ENGLISH -> bi
    com.memetix.mst.language.Language ESTONIAN -> bj
    com.memetix.mst.language.Language FINNISH -> bk
    com.memetix.mst.language.Language FRENCH -> bl
    com.memetix.mst.language.Language GERMAN -> bm
    com.memetix.mst.language.Language GREEK -> bn
    com.memetix.mst.language.Language HAITIAN_CREOLE -> bo
    com.memetix.mst.language.Language HEBREW -> bp
    com.memetix.mst.language.Language HINDI -> bq
    com.memetix.mst.language.Language HMONG_DAW -> br
    com.memetix.mst.language.Language HUNGARIAN -> bs
    com.memetix.mst.language.Language INDONESIAN -> bt
    com.memetix.mst.language.Language ITALIAN -> bu
    com.memetix.mst.language.Language JAPANESE -> bv
    com.memetix.mst.language.Language KOREAN -> bw
    com.memetix.mst.language.Language LATVIAN -> bx
    com.memetix.mst.language.Language LITHUANIAN -> by
    com.memetix.mst.language.Language NORWEGIAN -> bz
com.memetix.mst.translate.Translate -> a.b.a.b.a:
    java.lang.String execute(java.lang.String,com.memetix.mst.language.Language,com.memetix.mst.language.Language) -> a
com.tecnick.htmlutils.htmlentities.HTMLEntities -> a.c.a.a.a:
    java.lang.Object[][] html_entities_table -> bO
    java.util.Hashtable htmlentities_map -> bP
    java.util.Hashtable unhtmlentities_map -> bQ
    void <clinit>() -> <clinit>
    java.lang.String unhtmlentities(java.lang.String) -> f
org.json.simple.JSONArray -> b.a.a.a:
    void <init>() -> <init>
    java.lang.String toJSONString(java.util.List) -> a
    java.lang.String toJSONString() -> G
    java.lang.String toString() -> toString
org.json.simple.JSONAware -> b.a.a.b:
    java.lang.String toJSONString() -> G
org.json.simple.JSONObject -> b.a.a.c:
    void <init>() -> <init>
    java.lang.String toJSONString(java.util.Map) -> a
    java.lang.String toJSONString() -> G
    java.lang.String toString() -> toString
org.json.simple.JSONValue -> b.a.a.d:
    java.lang.Object parse(java.io.Reader) -> a
    java.lang.Object parse(java.lang.String) -> j
    java.lang.String toJSONString(java.lang.Object) -> a
    void escape(java.lang.String,java.lang.StringBuffer) -> a