code/OCRTest/build/outputs/mapping/release/usage.txt
edu.sfsu.cs.orange.ocr.BeepManager:
    private static final float BEEP_VOLUME
edu.sfsu.cs.orange.ocr.BuildConfig
edu.sfsu.cs.orange.ocr.CaptureActivity:
    public static final java.lang.String DEFAULT_SOURCE_LANGUAGE_CODE
    public static final java.lang.String DEFAULT_TARGET_LANGUAGE_CODE
    public static final java.lang.String DEFAULT_TRANSLATOR
    public static final java.lang.String DEFAULT_OCR_ENGINE_MODE
    public static final java.lang.String DEFAULT_PAGE_SEGMENTATION_MODE
    public static final boolean DEFAULT_TOGGLE_AUTO_FOCUS
    public static final boolean DEFAULT_DISABLE_CONTINUOUS_FOCUS
    public static final boolean DEFAULT_TOGGLE_BEEP
    public static final boolean DEFAULT_TOGGLE_CONTINUOUS
    public static final boolean DEFAULT_TOGGLE_REVERSED_IMAGE
    public static final boolean DEFAULT_TOGGLE_TRANSLATION
    public static final boolean DEFAULT_TOGGLE_LIGHT
    private static final boolean CONTINUOUS_DISPLAY_RECOGNIZED_TEXT
    private static final boolean CONTINUOUS_DISPLAY_METADATA
    private static final boolean DISPLAY_SHUTTER_BUTTON
    static final java.lang.String DOWNLOAD_BASE
    static final java.lang.String OSD_FILENAME
    static final java.lang.String OSD_FILENAME_BASE
    static final int MINIMUM_MEAN_CONFIDENCE
    private static final int SETTINGS_ID
    private static final int ABOUT_ID
    private static final int OPTIONS_COPY_RECOGNIZED_TEXT_ID
    private static final int OPTIONS_COPY_TRANSLATED_TEXT_ID
    private static final int OPTIONS_SHARE_RECOGNIZED_TEXT_ID
    private static final int OPTIONS_SHARE_TRANSLATED_TEXT_ID
edu.sfsu.cs.orange.ocr.HelpActivity:
    public static final java.lang.String REQUESTED_PAGE_KEY
    public static final java.lang.String DEFAULT_PAGE
    public static final java.lang.String ABOUT_PAGE
    public static final java.lang.String TERMS_PAGE
    public static final java.lang.String WHATS_NEW_PAGE
    private static final java.lang.String BASE_URL
    private static final java.lang.String WEBVIEW_STATE_PRESENT
edu.sfsu.cs.orange.ocr.LuminanceSource:
    public abstract byte[] getRow(int,byte[])
    public abstract byte[] getMatrix()
    80:80:public boolean isCropSupported()
    94:94:public edu.sfsu.cs.orange.ocr.LuminanceSource crop(int,int,int,int)
    101:101:public boolean isRotateSupported()
    110:110:public edu.sfsu.cs.orange.ocr.LuminanceSource rotateCounterClockwise()
edu.sfsu.cs.orange.ocr.OcrCharacterHelper:
    public static final java.lang.String KEY_CHARACTER_BLACKLIST_AFRIKAANS
    public static final java.lang.String KEY_CHARACTER_BLACKLIST_ALBANIAN
    public static final java.lang.String KEY_CHARACTER_BLACKLIST_ARABIC
    public static final java.lang.String KEY_CHARACTER_BLACKLIST_AZERI
    public static final java.lang.String KEY_CHARACTER_BLACKLIST_BASQUE
    public static final java.lang.String KEY_CHARACTER_BLACKLIST_BELARUSIAN
    public static final java.lang.String KEY_CHARACTER_BLACKLIST_BENGALI
    public static final java.lang.String KEY_CHARACTER_BLACKLIST_BULGARIAN
    public static final java.lang.String KEY_CHARACTER_BLACKLIST_CATALAN
    public static final java.lang.String KEY_CHARACTER_BLACKLIST_CHINESE_SIMPLIFIED
    public static final java.lang.String KEY_CHARACTER_BLACKLIST_CHINESE_TRADITIONAL
    public static final java.lang.String KEY_CHARACTER_BLACKLIST_CROATIAN
    public static final java.lang.String KEY_CHARACTER_BLACKLIST_CZECH
    public static final java.lang.String KEY_CHARACTER_BLACKLIST_DANISH
    public static final java.lang.String KEY_CHARACTER_BLACKLIST_DUTCH
    public static final java.lang.String KEY_CHARACTER_BLACKLIST_ENGLISH
    public static final java.lang.String KEY_CHARACTER_BLACKLIST_ESTONIAN
    public static final java.lang.String KEY_CHARACTER_BLACKLIST_FINNISH
    public static final java.lang.String KEY_CHARACTER_BLACKLIST_FRENCH
...
org.json.simple.JSONArray:
    private static final long serialVersionUID
    public static void writeJSONString(java.util.List,java.io.Writer)
    public void writeJSONString(java.io.Writer)
org.json.simple.JSONObject:
    private static final long serialVersionUID
    public static void writeJSONString(java.util.Map,java.io.Writer)
    public void writeJSONString(java.io.Writer)
    public static java.lang.String toString(java.lang.String,java.lang.Object)
    public static java.lang.String escape(java.lang.String)
org.json.simple.JSONStreamAware
org.json.simple.JSONValue:
    public JSONValue()
    public static java.lang.Object parseWithException(java.io.Reader)
    public static java.lang.Object parseWithException(java.lang.String)
    public static void writeJSONString(java.lang.Object,java.io.Writer)
org.json.simple.parser.ContentHandler
org.json.simple.parser.JSONParser:
    public static final int S_INIT
    public static final int S_IN_FINISHED_VALUE
    public static final int S_IN_OBJECT
    public static final int S_IN_ARRAY
    public static final int S_PASSED_PAIR_KEY
    public static final int S_IN_PAIR_VALUE
    public static final int S_END
    public static final int S_IN_ERROR
    public java.lang.Object parse(java.lang.String)
    public java.lang.Object parse(java.lang.String,org.json.simple.parser.ContainerFactory)
    public void parse(java.lang.String,org.json.simple.parser.ContentHandler)
    public void parse(java.lang.String,org.json.simple.parser.ContentHandler,boolean)
    public void parse(java.io.Reader,org.json.simple.parser.ContentHandler)
    public void parse(java.io.Reader,org.json.simple.parser.ContentHandler,boolean)
org.json.simple.parser.ParseException:
    private static final long serialVersionUID
    public static final int ERROR_UNEXPECTED_CHAR
    public static final int ERROR_UNEXPECTED_TOKEN
    public static final int ERROR_UNEXPECTED_EXCEPTION
    public ParseException(int)
    public ParseException(int,java.lang.Object)
    public int getErrorType()
    public void setErrorType(int)
    public int getPosition()
    public void setPosition(int)
    public java.lang.Object getUnexpectedObject()
    public void setUnexpectedObject(java.lang.Object)
org.json.simple.parser.Yylex:
    public static final int YYEOF
    private static final int ZZ_BUFFERSIZE
    public static final int YYINITIAL
    public static final int STRING_BEGIN
    private static final java.lang.String ZZ_CMAP_PACKED
    private static final java.lang.String ZZ_ACTION_PACKED_0
    private static final java.lang.String ZZ_ROWMAP_PACKED_0
    private static final int ZZ_UNKNOWN_ERROR
    private static final int ZZ_NO_MATCH
    private static final int ZZ_PUSHBACK_2BIG
    private static final java.lang.String ZZ_ATTRIBUTE_PACKED_0
    Yylex(java.io.InputStream)
    public final void yyclose()
    public final int yystate()
    public final int yylength()
    public void yypushback(int)
org.json.simple.parser.Yytoken:
    public static final int TYPE_VALUE
    public static final int TYPE_LEFT_BRACE
    public static final int TYPE_RIGHT_BRACE
    public static final int TYPE_LEFT_SQUARE
    public static final int TYPE_RIGHT_SQUARE
    public static final int TYPE_COMMA
    public static final int TYPE_COLON
    public static final int TYPE_EOF
org.xeustechnologies.jtar.Octal:
    24:24:public Octal()
    78:99:public static int getOctalBytes(long,byte[],int,int)
    115:118:public static int getCheckSumOctalBytes(long,byte[],int,int)
    135:138:public static int getLongOctalBytes(long,byte[],int,int)
org.xeustechnologies.jtar.TarConstants